go test ./raft/... ./server/... -v -race -run TestStage2 -timeout 60s
=== RUN   TestStage2_StartReturnsIndex
2026/04/30 17:53:59 [DEVELOP] - node 1 starting election for term 1
2026/04/30 17:53:59 [DEVELOP] - node 1 sending RequestVote to peer 0 (term 1)
2026/04/30 17:53:59 [DEVELOP] - node 1 sending RequestVote to peer 2 (term 1)
2026/04/30 17:53:59 [DEVELOP] - node 0 received RequestVote from candidate 1 (req.Term=1, our term=0)
2026/04/30 17:53:59 [DEVELOP] - node 2 received RequestVote from candidate 1 (req.Term=1, our term=0)
2026/04/30 17:53:59 [DEVELOP] - node 0 stepping down to follower (saw higher term 1)
2026/04/30 17:53:59 [DEVELOP] - node 2 stepping down to follower (saw higher term 1)
2026/04/30 17:53:59 [DEVELOP] - node 0 granted vote to 1 (term 1)
2026/04/30 17:53:59 [DEVELOP] - node 2 granted vote to 1 (term 1)
2026/04/30 17:53:59 [DEVELOP] - node 1 got vote from peer 0 (2/2 needed)
2026/04/30 17:53:59 [DEVELOP] - node 1 became leader (term 1, nextIndex init to 1)
2026/04/30 17:53:59 [DEVELOP] - node 1 discarding stale vote reply from peer 2
2026/04/30 17:53:59 [DEVELOP] - node 1 sending heartbeat to peer 0 (term 1)
2026/04/30 17:53:59 [DEVELOP] - node 1 sending heartbeat to peer 2 (term 1)
2026/04/30 17:53:59 [DEVELOP] - node 0 accepted AppendEntries from leader 1 (term=1 entries=0)
2026/04/30 17:53:59 [DEVELOP] - node 2 accepted AppendEntries from leader 1 (term=1 entries=0)
2026/04/30 17:53:59 [DEVELOP] - node 1 appended entry at index 1 (term 1): "put:x:hello"
2026/04/30 17:53:59 [DEVELOP] - node 1 → peer 0: AppendEntries prevIdx=0 entries=1
2026/04/30 17:53:59 [DEVELOP] - node 1 → peer 2: AppendEntries prevIdx=0 entries=1
2026/04/30 17:53:59 [DEVELOP] - node 1 → peer 2: no reply (err=rpc error: code = Unavailable desc = error reading from server: EOF)
--- PASS: TestStage2_StartReturnsIndex (0.17s)
2026/04/30 17:53:59 [DEVELOP] - node 1 → peer 0: no reply (err=rpc error: code = Unavailable desc = connection error: desc = "transport: Error while dialing: closed")
=== RUN   TestStage2_StartRejectsOnFollower
2026/04/30 17:53:59 [DEVELOP] - node 0 starting election for term 1
2026/04/30 17:53:59 [DEVELOP] - node 0 sending RequestVote to peer 2 (term 1)
2026/04/30 17:53:59 [DEVELOP] - node 0 sending RequestVote to peer 1 (term 1)
2026/04/30 17:53:59 [DEVELOP] - node 2 received RequestVote from candidate 0 (req.Term=1, our term=0)
2026/04/30 17:53:59 [DEVELOP] - node 2 stepping down to follower (saw higher term 1)
2026/04/30 17:53:59 [DEVELOP] - node 2 granted vote to 0 (term 1)
2026/04/30 17:53:59 [DEVELOP] - node 1 received RequestVote from candidate 0 (req.Term=1, our term=0)
2026/04/30 17:53:59 [DEVELOP] - node 1 stepping down to follower (saw higher term 1)
2026/04/30 17:53:59 [DEVELOP] - node 0 got vote from peer 2 (2/2 needed)
2026/04/30 17:53:59 [DEVELOP] - node 1 granted vote to 0 (term 1)
2026/04/30 17:53:59 [DEVELOP] - node 0 became leader (term 1, nextIndex init to 1)
2026/04/30 17:53:59 [DEVELOP] - node 0 sending heartbeat to peer 2 (term 1)
2026/04/30 17:53:59 [DEVELOP] - node 0 sending heartbeat to peer 1 (term 1)
2026/04/30 17:53:59 [DEVELOP] - node 0 discarding stale vote reply from peer 1
2026/04/30 17:53:59 [DEVELOP] - node 2 accepted AppendEntries from leader 0 (term=1 entries=0)
2026/04/30 17:53:59 [DEVELOP] - node 1 accepted AppendEntries from leader 0 (term=1 entries=0)
--- PASS: TestStage2_StartRejectsOnFollower (0.23s)
=== RUN   TestStage2_EntryAppliedOnAllNodes
2026/04/30 17:53:59 [DEVELOP] - node 1 starting election for term 1
2026/04/30 17:53:59 [DEVELOP] - node 1 sending RequestVote to peer 0 (term 1)
2026/04/30 17:53:59 [DEVELOP] - node 1 sending RequestVote to peer 2 (term 1)
2026/04/30 17:53:59 [DEVELOP] - node 2 received RequestVote from candidate 1 (req.Term=1, our term=0)
2026/04/30 17:53:59 [DEVELOP] - node 2 stepping down to follower (saw higher term 1)
2026/04/30 17:53:59 [DEVELOP] - node 0 received RequestVote from candidate 1 (req.Term=1, our term=0)
2026/04/30 17:53:59 [DEVELOP] - node 2 granted vote to 1 (term 1)
2026/04/30 17:53:59 [DEVELOP] - node 0 stepping down to follower (saw higher term 1)
2026/04/30 17:53:59 [DEVELOP] - node 0 granted vote to 1 (term 1)
2026/04/30 17:53:59 [DEVELOP] - node 1 got vote from peer 0 (2/2 needed)
2026/04/30 17:53:59 [DEVELOP] - node 1 became leader (term 1, nextIndex init to 1)
2026/04/30 17:53:59 [DEVELOP] - node 1 discarding stale vote reply from peer 2
2026/04/30 17:53:59 [DEVELOP] - node 1 sending heartbeat to peer 2 (term 1)
2026/04/30 17:53:59 [DEVELOP] - node 1 sending heartbeat to peer 0 (term 1)
2026/04/30 17:53:59 [DEVELOP] - node 2 accepted AppendEntries from leader 1 (term=1 entries=0)
2026/04/30 17:53:59 [DEVELOP] - node 0 accepted AppendEntries from leader 1 (term=1 entries=0)
2026/04/30 17:53:59 [DEVELOP] - node 1 appended entry at index 1 (term 1): "put:color:blue"
2026/04/30 17:53:59 [DEVELOP] - node 1 → peer 0: AppendEntries prevIdx=0 entries=1
2026/04/30 17:53:59 [DEVELOP] - node 1 → peer 2: AppendEntries prevIdx=0 entries=1
2026/04/30 17:53:59 [DEVELOP] - node 0 appended entry index=1 term=1
2026/04/30 17:53:59 [DEVELOP] - node 0 accepted AppendEntries from leader 1 (term=1 entries=1)
2026/04/30 17:53:59 [DEVELOP] - node 2 appended entry index=1 term=1
2026/04/30 17:53:59 [DEVELOP] - node 2 accepted AppendEntries from leader 1 (term=1 entries=1)
2026/04/30 17:53:59 [DEVELOP] - node 1 peer 0 caught up to index 1
2026/04/30 17:53:59 [DEVELOP] - node 1 commitIndex advanced to 1 (replicated on 2/3 nodes)
2026/04/30 17:53:59 [DEVELOP] - node 1 peer 2 caught up to index 1
2026/04/30 17:53:59 [DEVELOP] - node 1 applying entry index=1 term=1 cmd="put:color:blue"
2026/04/30 17:54:00 [DEVELOP] - node 1 sending heartbeat to peer 0 (term 1)
2026/04/30 17:54:00 [DEVELOP] - node 1 sending heartbeat to peer 2 (term 1)
2026/04/30 17:54:00 [DEVELOP] - node 0 advanced commitIndex to 1
2026/04/30 17:54:00 [DEVELOP] - node 2 advanced commitIndex to 1
2026/04/30 17:54:00 [DEVELOP] - node 0 accepted AppendEntries from leader 1 (term=1 entries=0)
2026/04/30 17:54:00 [DEVELOP] - node 2 accepted AppendEntries from leader 1 (term=1 entries=0)
2026/04/30 17:54:00 [DEVELOP] - node 2 applying entry index=1 term=1 cmd="put:color:blue"
2026/04/30 17:54:00 [DEVELOP] - node 0 applying entry index=1 term=1 cmd="put:color:blue"
--- PASS: TestStage2_EntryAppliedOnAllNodes (0.38s)
=== RUN   TestStage2_CommitWithOneFollowerDown
2026/04/30 17:54:00 [DEVELOP] - node 1 starting election for term 1
2026/04/30 17:54:00 [DEVELOP] - node 1 sending RequestVote to peer 2 (term 1)
2026/04/30 17:54:00 [DEVELOP] - node 1 sending RequestVote to peer 0 (term 1)
2026/04/30 17:54:00 [DEVELOP] - node 2 received RequestVote from candidate 1 (req.Term=1, our term=0)
2026/04/30 17:54:00 [DEVELOP] - node 2 stepping down to follower (saw higher term 1)
2026/04/30 17:54:00 [DEVELOP] - node 2 granted vote to 1 (term 1)
2026/04/30 17:54:00 [DEVELOP] - node 0 received RequestVote from candidate 1 (req.Term=1, our term=0)
2026/04/30 17:54:00 [DEVELOP] - node 0 stepping down to follower (saw higher term 1)
2026/04/30 17:54:00 [DEVELOP] - node 0 granted vote to 1 (term 1)
2026/04/30 17:54:00 [DEVELOP] - node 1 got vote from peer 2 (2/2 needed)
2026/04/30 17:54:00 [DEVELOP] - node 1 became leader (term 1, nextIndex init to 1)
2026/04/30 17:54:00 [DEVELOP] - node 1 discarding stale vote reply from peer 0
2026/04/30 17:54:00 [DEVELOP] - node 1 sending heartbeat to peer 2 (term 1)
2026/04/30 17:54:00 [DEVELOP] - node 1 sending heartbeat to peer 0 (term 1)
2026/04/30 17:54:00 [DEVELOP] - node 2 accepted AppendEntries from leader 1 (term=1 entries=0)
2026/04/30 17:54:00 [DEVELOP] - node 0 accepted AppendEntries from leader 1 (term=1 entries=0)
2026/04/30 17:54:00 [DEVELOP] - node 1 appended entry at index 1 (term 1): "put:x:1"
2026/04/30 17:54:00 [DEVELOP] - node 1 → peer 0: AppendEntries prevIdx=0 entries=1
2026/04/30 17:54:00 [DEVELOP] - node 1 → peer 2: AppendEntries prevIdx=0 entries=1
2026/04/30 17:54:00 [DEVELOP] - node 2 appended entry index=1 term=1
2026/04/30 17:54:00 [DEVELOP] - node 2 accepted AppendEntries from leader 1 (term=1 entries=1)
2026/04/30 17:54:00 [DEVELOP] - node 1 → peer 0: no reply (err=rpc error: code = Unavailable desc = connection error: desc = "transport: Error while dialing: closed")
2026/04/30 17:54:00 [DEVELOP] - node 1 peer 2 caught up to index 1
2026/04/30 17:54:00 [DEVELOP] - node 1 commitIndex advanced to 1 (replicated on 2/3 nodes)
2026/04/30 17:54:00 [DEVELOP] - node 1 applying entry index=1 term=1 cmd="put:x:1"
--- PASS: TestStage2_CommitWithOneFollowerDown (0.26s)
=== RUN   TestStage2_NoCommitWithoutMajority
2026/04/30 17:54:00 [DEVELOP] - node 2 starting election for term 1
2026/04/30 17:54:00 [DEVELOP] - node 2 sending RequestVote to peer 0 (term 1)
2026/04/30 17:54:00 [DEVELOP] - node 2 sending RequestVote to peer 1 (term 1)
2026/04/30 17:54:00 [DEVELOP] - node 1 received RequestVote from candidate 2 (req.Term=1, our term=0)
2026/04/30 17:54:00 [DEVELOP] - node 0 received RequestVote from candidate 2 (req.Term=1, our term=0)
2026/04/30 17:54:00 [DEVELOP] - node 1 stepping down to follower (saw higher term 1)
2026/04/30 17:54:00 [DEVELOP] - node 0 stepping down to follower (saw higher term 1)
2026/04/30 17:54:00 [DEVELOP] - node 0 granted vote to 2 (term 1)
2026/04/30 17:54:00 [DEVELOP] - node 1 granted vote to 2 (term 1)
2026/04/30 17:54:00 [DEVELOP] - node 2 got vote from peer 0 (2/2 needed)
2026/04/30 17:54:00 [DEVELOP] - node 2 became leader (term 1, nextIndex init to 1)
2026/04/30 17:54:00 [DEVELOP] - node 2 discarding stale vote reply from peer 1
2026/04/30 17:54:00 [DEVELOP] - node 2 sending heartbeat to peer 0 (term 1)
2026/04/30 17:54:00 [DEVELOP] - node 2 sending heartbeat to peer 1 (term 1)
2026/04/30 17:54:00 [DEVELOP] - node 0 accepted AppendEntries from leader 2 (term=1 entries=0)
2026/04/30 17:54:00 [DEVELOP] - node 1 accepted AppendEntries from leader 2 (term=1 entries=0)
2026/04/30 17:54:00 [DEVELOP] - node 2 appended entry at index 1 (term 1): "put:x:1"
2026/04/30 17:54:00 [DEVELOP] - node 2 → peer 0: AppendEntries prevIdx=0 entries=1
2026/04/30 17:54:00 [DEVELOP] - node 2 → peer 1: AppendEntries prevIdx=0 entries=1
2026/04/30 17:54:00 [DEVELOP] - node 2 → peer 0: no reply (err=rpc error: code = Unavailable desc = partitioned)
2026/04/30 17:54:00 [DEVELOP] - node 2 → peer 1: no reply (err=rpc error: code = Unavailable desc = partitioned)
2026/04/30 17:54:00 [DEVELOP] - node 2 sending heartbeat to peer 0 (term 1)
2026/04/30 17:54:00 [DEVELOP] - node 2 sending heartbeat to peer 1 (term 1)
2026/04/30 17:54:00 [DEVELOP] - node 2 heartbeat to peer 0 failed (err=rpc error: code = Unavailable desc = partitioned)
2026/04/30 17:54:00 [DEVELOP] - node 2 heartbeat to peer 1 failed (err=rpc error: code = Unavailable desc = partitioned)
2026/04/30 17:54:00 [DEVELOP] - node 2 sending heartbeat to peer 1 (term 1)
2026/04/30 17:54:00 [DEVELOP] - node 2 sending heartbeat to peer 0 (term 1)
2026/04/30 17:54:00 [DEVELOP] - node 2 heartbeat to peer 1 failed (err=rpc error: code = Unavailable desc = partitioned)
2026/04/30 17:54:00 [DEVELOP] - node 2 heartbeat to peer 0 failed (err=rpc error: code = Unavailable desc = partitioned)
2026/04/30 17:54:00 [DEVELOP] - node 0 starting election for term 2
2026/04/30 17:54:00 [DEVELOP] - node 0 sending RequestVote to peer 2 (term 2)
2026/04/30 17:54:00 [DEVELOP] - node 0 sending RequestVote to peer 1 (term 2)
2026/04/30 17:54:00 [DEVELOP] - node 0 got no reply from peer 2 (err=rpc error: code = Unavailable desc = partitioned)
2026/04/30 17:54:00 [DEVELOP] - node 1 received RequestVote from candidate 0 (req.Term=2, our term=1)
2026/04/30 17:54:00 [DEVELOP] - node 1 stepping down to follower (saw higher term 2)
2026/04/30 17:54:00 [DEVELOP] - node 1 granted vote to 0 (term 2)
2026/04/30 17:54:00 [DEVELOP] - node 0 got vote from peer 1 (2/2 needed)
2026/04/30 17:54:00 [DEVELOP] - node 0 became leader (term 2, nextIndex init to 1)
2026/04/30 17:54:00 [DEVELOP] - node 0 sending heartbeat to peer 2 (term 2)
2026/04/30 17:54:00 [DEVELOP] - node 0 sending heartbeat to peer 1 (term 2)
2026/04/30 17:54:00 [DEVELOP] - node 0 heartbeat to peer 2 failed (err=rpc error: code = Unavailable desc = partitioned)
2026/04/30 17:54:00 [DEVELOP] - node 1 accepted AppendEntries from leader 0 (term=2 entries=0)
2026/04/30 17:54:00 [DEVELOP] - node 2 sending heartbeat to peer 0 (term 1)
2026/04/30 17:54:00 [DEVELOP] - node 2 sending heartbeat to peer 1 (term 1)
2026/04/30 17:54:00 [DEVELOP] - node 2 heartbeat to peer 0 failed (err=rpc error: code = Unavailable desc = partitioned)
2026/04/30 17:54:00 [DEVELOP] - node 2 heartbeat to peer 1 failed (err=rpc error: code = Unavailable desc = partitioned)
2026/04/30 17:54:00 [DEVELOP] - node 0 sending heartbeat to peer 1 (term 2)
2026/04/30 17:54:00 [DEVELOP] - node 0 sending heartbeat to peer 2 (term 2)
2026/04/30 17:54:00 [DEVELOP] - node 0 heartbeat to peer 2 failed (err=rpc error: code = Unavailable desc = partitioned)
2026/04/30 17:54:00 [DEVELOP] - node 1 accepted AppendEntries from leader 0 (term=2 entries=0)
2026/04/30 17:54:00 [DEVELOP] - node 2 sending heartbeat to peer 1 (term 1)
2026/04/30 17:54:00 [DEVELOP] - node 2 sending heartbeat to peer 0 (term 1)
2026/04/30 17:54:00 [DEVELOP] - node 2 heartbeat to peer 1 failed (err=rpc error: code = Unavailable desc = partitioned)
2026/04/30 17:54:00 [DEVELOP] - node 2 heartbeat to peer 0 failed (err=rpc error: code = Unavailable desc = partitioned)
2026/04/30 17:54:00 [DEVELOP] - node 0 sending heartbeat to peer 2 (term 2)
2026/04/30 17:54:00 [DEVELOP] - node 0 sending heartbeat to peer 1 (term 2)
2026/04/30 17:54:00 [DEVELOP] - node 0 heartbeat to peer 2 failed (err=rpc error: code = Unavailable desc = partitioned)
2026/04/30 17:54:00 [DEVELOP] - node 1 accepted AppendEntries from leader 0 (term=2 entries=0)
2026/04/30 17:54:01 [DEVELOP] - node 2 sending heartbeat to peer 1 (term 1)
2026/04/30 17:54:01 [DEVELOP] - node 2 sending heartbeat to peer 0 (term 1)
2026/04/30 17:54:01 [DEVELOP] - node 2 heartbeat to peer 1 failed (err=rpc error: code = Unavailable desc = partitioned)
2026/04/30 17:54:01 [DEVELOP] - node 2 heartbeat to peer 0 failed (err=rpc error: code = Unavailable desc = partitioned)
--- PASS: TestStage2_NoCommitWithoutMajority (0.72s)
=== RUN   TestStage2_LaggardCatchesUp
2026/04/30 17:54:01 [DEVELOP] - node 2 starting election for term 1
2026/04/30 17:54:01 [DEVELOP] - node 2 sending RequestVote to peer 0 (term 1)
2026/04/30 17:54:01 [DEVELOP] - node 2 sending RequestVote to peer 1 (term 1)
2026/04/30 17:54:01 [DEVELOP] - node 1 received RequestVote from candidate 2 (req.Term=1, our term=0)
2026/04/30 17:54:01 [DEVELOP] - node 0 received RequestVote from candidate 2 (req.Term=1, our term=0)
2026/04/30 17:54:01 [DEVELOP] - node 0 stepping down to follower (saw higher term 1)
2026/04/30 17:54:01 [DEVELOP] - node 1 stepping down to follower (saw higher term 1)
2026/04/30 17:54:01 [DEVELOP] - node 0 granted vote to 2 (term 1)
2026/04/30 17:54:01 [DEVELOP] - node 1 granted vote to 2 (term 1)
2026/04/30 17:54:01 [DEVELOP] - node 2 got vote from peer 0 (2/2 needed)
2026/04/30 17:54:01 [DEVELOP] - node 2 became leader (term 1, nextIndex init to 1)
2026/04/30 17:54:01 [DEVELOP] - node 2 discarding stale vote reply from peer 1
2026/04/30 17:54:01 [DEVELOP] - node 2 sending heartbeat to peer 0 (term 1)
2026/04/30 17:54:01 [DEVELOP] - node 2 sending heartbeat to peer 1 (term 1)
2026/04/30 17:54:01 [DEVELOP] - node 1 accepted AppendEntries from leader 2 (term=1 entries=0)
2026/04/30 17:54:01 [DEVELOP] - node 0 accepted AppendEntries from leader 2 (term=1 entries=0)
2026/04/30 17:54:01 [DEVELOP] - node 2 appended entry at index 1 (term 1): "put:k0:v0"
2026/04/30 17:54:01 [DEVELOP] - node 2 → peer 0: AppendEntries prevIdx=0 entries=1
2026/04/30 17:54:01 [DEVELOP] - node 2 appended entry at index 2 (term 1): "put:k1:v1"
2026/04/30 17:54:01 [DEVELOP] - node 2 → peer 0: no reply (err=rpc error: code = Unavailable desc = partitioned)
2026/04/30 17:54:01 [DEVELOP] - node 2 → peer 0: AppendEntries prevIdx=0 entries=2
2026/04/30 17:54:01 [DEVELOP] - node 2 → peer 0: no reply (err=rpc error: code = Unavailable desc = partitioned)
2026/04/30 17:54:01 [DEVELOP] - node 2 appended entry at index 3 (term 1): "put:k2:v2"
2026/04/30 17:54:01 [DEVELOP] - node 2 → peer 1: AppendEntries prevIdx=0 entries=3
2026/04/30 17:54:01 [DEVELOP] - node 2 appended entry at index 4 (term 1): "put:k3:v3"
2026/04/30 17:54:01 [DEVELOP] - node 2 appended entry at index 5 (term 1): "put:k4:v4"
2026/04/30 17:54:01 [DEVELOP] - node 2 → peer 0: AppendEntries prevIdx=0 entries=5
2026/04/30 17:54:01 [DEVELOP] - node 2 → peer 0: no reply (err=rpc error: code = Unavailable desc = partitioned)
2026/04/30 17:54:01 [DEVELOP] - node 2 → peer 1: AppendEntries prevIdx=0 entries=5
2026/04/30 17:54:01 [DEVELOP] - node 2 → peer 0: AppendEntries prevIdx=0 entries=5
2026/04/30 17:54:01 [DEVELOP] - node 2 → peer 0: no reply (err=rpc error: code = Unavailable desc = partitioned)
2026/04/30 17:54:01 [DEVELOP] - node 2 → peer 1: AppendEntries prevIdx=0 entries=5
2026/04/30 17:54:01 [DEVELOP] - node 1 appended entry index=1 term=1
2026/04/30 17:54:01 [DEVELOP] - node 1 appended entry index=2 term=1
2026/04/30 17:54:01 [DEVELOP] - node 1 appended entry index=3 term=1
2026/04/30 17:54:01 [DEVELOP] - node 1 accepted AppendEntries from leader 2 (term=1 entries=3)
2026/04/30 17:54:01 [DEVELOP] - node 2 → peer 1: AppendEntries prevIdx=0 entries=5
2026/04/30 17:54:01 [DEVELOP] - node 2 peer 1 caught up to index 3
2026/04/30 17:54:01 [DEVELOP] - node 2 commitIndex advanced to 3 (replicated on 2/3 nodes)
2026/04/30 17:54:01 [DEVELOP] - node 1 appended entry index=4 term=1
2026/04/30 17:54:01 [DEVELOP] - node 1 appended entry index=5 term=1
2026/04/30 17:54:01 [DEVELOP] - node 1 accepted AppendEntries from leader 2 (term=1 entries=5)
2026/04/30 17:54:01 [DEVELOP] - node 2 → peer 0: AppendEntries prevIdx=0 entries=5
2026/04/30 17:54:01 [DEVELOP] - node 1 accepted AppendEntries from leader 2 (term=1 entries=5)
2026/04/30 17:54:01 [DEVELOP] - node 2 → peer 0: no reply (err=rpc error: code = Unavailable desc = partitioned)
2026/04/30 17:54:01 [DEVELOP] - node 2 → peer 1: AppendEntries prevIdx=3 entries=2
2026/04/30 17:54:01 [DEVELOP] - node 1 accepted AppendEntries from leader 2 (term=1 entries=5)
2026/04/30 17:54:01 [DEVELOP] - node 2 peer 1 caught up to index 5
2026/04/30 17:54:01 [DEVELOP] - node 2 commitIndex advanced to 5 (replicated on 2/3 nodes)
2026/04/30 17:54:01 [DEVELOP] - node 2 peer 1 caught up to index 5
2026/04/30 17:54:01 [DEVELOP] - node 2 peer 1 caught up to index 5
2026/04/30 17:54:01 [DEVELOP] - node 1 advanced commitIndex to 3
2026/04/30 17:54:01 [DEVELOP] - node 1 accepted AppendEntries from leader 2 (term=1 entries=2)
2026/04/30 17:54:01 [DEVELOP] - node 2 peer 1 caught up to index 5
2026/04/30 17:54:01 [DEVELOP] - node 2 applying entry index=1 term=1 cmd="put:k0:v0"
2026/04/30 17:54:01 [DEVELOP] - node 2 applying entry index=2 term=1 cmd="put:k1:v1"
2026/04/30 17:54:01 [DEVELOP] - node 1 applying entry index=1 term=1 cmd="put:k0:v0"
2026/04/30 17:54:01 [DEVELOP] - node 2 applying entry index=3 term=1 cmd="put:k2:v2"
2026/04/30 17:54:01 [DEVELOP] - node 1 applying entry index=2 term=1 cmd="put:k1:v1"
2026/04/30 17:54:01 [DEVELOP] - node 2 applying entry index=4 term=1 cmd="put:k3:v3"
2026/04/30 17:54:01 [DEVELOP] - node 2 applying entry index=5 term=1 cmd="put:k4:v4"
2026/04/30 17:54:01 [DEVELOP] - node 1 applying entry index=3 term=1 cmd="put:k2:v2"
2026/04/30 17:54:01 [DEVELOP] - node 2 sending heartbeat to peer 0 (term 1)
2026/04/30 17:54:01 [DEVELOP] - node 2 sending heartbeat to peer 1 (term 1)
2026/04/30 17:54:01 [DEVELOP] - node 0 advanced commitIndex to 0
2026/04/30 17:54:01 [DEVELOP] - node 1 advanced commitIndex to 5
2026/04/30 17:54:01 [DEVELOP] - node 0 accepted AppendEntries from leader 2 (term=1 entries=0)
2026/04/30 17:54:01 [DEVELOP] - node 1 accepted AppendEntries from leader 2 (term=1 entries=0)
2026/04/30 17:54:01 [DEVELOP] - node 1 applying entry index=4 term=1 cmd="put:k3:v3"
2026/04/30 17:54:01 [DEVELOP] - node 1 applying entry index=5 term=1 cmd="put:k4:v4"
2026/04/30 17:54:01 [DEVELOP] - node 2 sending heartbeat to peer 0 (term 1)
2026/04/30 17:54:01 [DEVELOP] - node 2 sending heartbeat to peer 1 (term 1)
2026/04/30 17:54:01 [DEVELOP] - node 1 accepted AppendEntries from leader 2 (term=1 entries=0)
2026/04/30 17:54:01 [DEVELOP] - node 0 advanced commitIndex to 0
2026/04/30 17:54:01 [DEVELOP] - node 0 accepted AppendEntries from leader 2 (term=1 entries=0)
2026/04/30 17:54:01 [DEVELOP] - node 2 sending heartbeat to peer 0 (term 1)
2026/04/30 17:54:01 [DEVELOP] - node 2 sending heartbeat to peer 1 (term 1)
2026/04/30 17:54:01 [DEVELOP] - node 1 accepted AppendEntries from leader 2 (term=1 entries=0)
2026/04/30 17:54:01 [DEVELOP] - node 0 advanced commitIndex to 0
2026/04/30 17:54:01 [DEVELOP] - node 0 accepted AppendEntries from leader 2 (term=1 entries=0)
2026/04/30 17:54:01 [DEVELOP] - node 2 sending heartbeat to peer 0 (term 1)
2026/04/30 17:54:01 [DEVELOP] - node 2 sending heartbeat to peer 1 (term 1)
2026/04/30 17:54:01 [DEVELOP] - node 0 advanced commitIndex to 0
2026/04/30 17:54:01 [DEVELOP] - node 0 accepted AppendEntries from leader 2 (term=1 entries=0)
2026/04/30 17:54:01 [DEVELOP] - node 1 accepted AppendEntries from leader 2 (term=1 entries=0)
2026/04/30 17:54:01 [DEVELOP] - node 2 sending heartbeat to peer 1 (term 1)
2026/04/30 17:54:01 [DEVELOP] - node 2 sending heartbeat to peer 0 (term 1)
2026/04/30 17:54:01 [DEVELOP] - node 1 accepted AppendEntries from leader 2 (term=1 entries=0)
2026/04/30 17:54:01 [DEVELOP] - node 0 advanced commitIndex to 0
2026/04/30 17:54:01 [DEVELOP] - node 0 accepted AppendEntries from leader 2 (term=1 entries=0)
2026/04/30 17:54:01 [DEVELOP] - node 2 sending heartbeat to peer 1 (term 1)
2026/04/30 17:54:01 [DEVELOP] - node 2 sending heartbeat to peer 0 (term 1)
2026/04/30 17:54:01 [DEVELOP] - node 0 advanced commitIndex to 0
2026/04/30 17:54:01 [DEVELOP] - node 1 accepted AppendEntries from leader 2 (term=1 entries=0)
2026/04/30 17:54:01 [DEVELOP] - node 0 accepted AppendEntries from leader 2 (term=1 entries=0)
2026/04/30 17:54:01 [DEVELOP] - node 2 sending heartbeat to peer 1 (term 1)
2026/04/30 17:54:01 [DEVELOP] - node 2 sending heartbeat to peer 0 (term 1)
2026/04/30 17:54:01 [DEVELOP] - node 0 advanced commitIndex to 0
2026/04/30 17:54:01 [DEVELOP] - node 0 accepted AppendEntries from leader 2 (term=1 entries=0)
2026/04/30 17:54:01 [DEVELOP] - node 1 accepted AppendEntries from leader 2 (term=1 entries=0)
2026/04/30 17:54:02 [DEVELOP] - node 2 sending heartbeat to peer 0 (term 1)
2026/04/30 17:54:02 [DEVELOP] - node 2 sending heartbeat to peer 1 (term 1)
2026/04/30 17:54:02 [DEVELOP] - node 0 advanced commitIndex to 0
2026/04/30 17:54:02 [DEVELOP] - node 1 accepted AppendEntries from leader 2 (term=1 entries=0)
2026/04/30 17:54:02 [DEVELOP] - node 0 accepted AppendEntries from leader 2 (term=1 entries=0)
2026/04/30 17:54:02 [DEVELOP] - node 2 sending heartbeat to peer 0 (term 1)
2026/04/30 17:54:02 [DEVELOP] - node 2 sending heartbeat to peer 1 (term 1)
2026/04/30 17:54:02 [DEVELOP] - node 0 advanced commitIndex to 0
2026/04/30 17:54:02 [DEVELOP] - node 1 accepted AppendEntries from leader 2 (term=1 entries=0)
2026/04/30 17:54:02 [DEVELOP] - node 0 accepted AppendEntries from leader 2 (term=1 entries=0)
2026/04/30 17:54:02 [DEVELOP] - node 2 sending heartbeat to peer 0 (term 1)
2026/04/30 17:54:02 [DEVELOP] - node 2 sending heartbeat to peer 1 (term 1)
2026/04/30 17:54:02 [DEVELOP] - node 0 advanced commitIndex to 0
2026/04/30 17:54:02 [DEVELOP] - node 0 accepted AppendEntries from leader 2 (term=1 entries=0)
2026/04/30 17:54:02 [DEVELOP] - node 1 accepted AppendEntries from leader 2 (term=1 entries=0)
2026/04/30 17:54:02 [DEVELOP] - node 2 sending heartbeat to peer 0 (term 1)
2026/04/30 17:54:02 [DEVELOP] - node 2 sending heartbeat to peer 1 (term 1)
2026/04/30 17:54:02 [DEVELOP] - node 0 advanced commitIndex to 0
2026/04/30 17:54:02 [DEVELOP] - node 0 accepted AppendEntries from leader 2 (term=1 entries=0)
2026/04/30 17:54:02 [DEVELOP] - node 1 accepted AppendEntries from leader 2 (term=1 entries=0)
2026/04/30 17:54:02 [DEVELOP] - node 2 sending heartbeat to peer 1 (term 1)
2026/04/30 17:54:02 [DEVELOP] - node 2 sending heartbeat to peer 0 (term 1)
2026/04/30 17:54:02 [DEVELOP] - node 1 accepted AppendEntries from leader 2 (term=1 entries=0)
2026/04/30 17:54:02 [DEVELOP] - node 0 advanced commitIndex to 0
2026/04/30 17:54:02 [DEVELOP] - node 0 accepted AppendEntries from leader 2 (term=1 entries=0)
2026/04/30 17:54:02 [DEVELOP] - node 2 sending heartbeat to peer 0 (term 1)
2026/04/30 17:54:02 [DEVELOP] - node 2 sending heartbeat to peer 1 (term 1)
2026/04/30 17:54:02 [DEVELOP] - node 1 accepted AppendEntries from leader 2 (term=1 entries=0)
2026/04/30 17:54:02 [DEVELOP] - node 0 advanced commitIndex to 0
2026/04/30 17:54:02 [DEVELOP] - node 0 accepted AppendEntries from leader 2 (term=1 entries=0)
2026/04/30 17:54:02 [DEVELOP] - node 2 sending heartbeat to peer 1 (term 1)
2026/04/30 17:54:02 [DEVELOP] - node 2 sending heartbeat to peer 0 (term 1)
2026/04/30 17:54:02 [DEVELOP] - node 0 advanced commitIndex to 0
2026/04/30 17:54:02 [DEVELOP] - node 0 accepted AppendEntries from leader 2 (term=1 entries=0)
2026/04/30 17:54:02 [DEVELOP] - node 1 accepted AppendEntries from leader 2 (term=1 entries=0)
2026/04/30 17:54:02 [DEVELOP] - node 2 sending heartbeat to peer 0 (term 1)
2026/04/30 17:54:02 [DEVELOP] - node 2 sending heartbeat to peer 1 (term 1)
2026/04/30 17:54:02 [DEVELOP] - node 0 advanced commitIndex to 0
2026/04/30 17:54:02 [DEVELOP] - node 1 accepted AppendEntries from leader 2 (term=1 entries=0)
2026/04/30 17:54:02 [DEVELOP] - node 0 accepted AppendEntries from leader 2 (term=1 entries=0)
2026/04/30 17:54:02 [DEVELOP] - node 2 sending heartbeat to peer 1 (term 1)
2026/04/30 17:54:02 [DEVELOP] - node 2 sending heartbeat to peer 0 (term 1)
2026/04/30 17:54:02 [DEVELOP] - node 0 advanced commitIndex to 0
2026/04/30 17:54:02 [DEVELOP] - node 0 accepted AppendEntries from leader 2 (term=1 entries=0)
2026/04/30 17:54:02 [DEVELOP] - node 1 accepted AppendEntries from leader 2 (term=1 entries=0)
2026/04/30 17:54:02 [DEVELOP] - node 2 sending heartbeat to peer 1 (term 1)
2026/04/30 17:54:02 [DEVELOP] - node 2 sending heartbeat to peer 0 (term 1)
2026/04/30 17:54:02 [DEVELOP] - node 0 advanced commitIndex to 0
2026/04/30 17:54:02 [DEVELOP] - node 0 accepted AppendEntries from leader 2 (term=1 entries=0)
2026/04/30 17:54:02 [DEVELOP] - node 1 accepted AppendEntries from leader 2 (term=1 entries=0)
2026/04/30 17:54:03 [DEVELOP] - node 2 sending heartbeat to peer 0 (term 1)
2026/04/30 17:54:03 [DEVELOP] - node 2 sending heartbeat to peer 1 (term 1)
2026/04/30 17:54:03 [DEVELOP] - node 0 advanced commitIndex to 0
2026/04/30 17:54:03 [DEVELOP] - node 1 accepted AppendEntries from leader 2 (term=1 entries=0)
2026/04/30 17:54:03 [DEVELOP] - node 0 accepted AppendEntries from leader 2 (term=1 entries=0)
2026/04/30 17:54:03 [DEVELOP] - node 2 sending heartbeat to peer 1 (term 1)
2026/04/30 17:54:03 [DEVELOP] - node 2 sending heartbeat to peer 0 (term 1)
2026/04/30 17:54:03 [DEVELOP] - node 0 advanced commitIndex to 0
2026/04/30 17:54:03 [DEVELOP] - node 1 accepted AppendEntries from leader 2 (term=1 entries=0)
2026/04/30 17:54:03 [DEVELOP] - node 0 accepted AppendEntries from leader 2 (term=1 entries=0)
2026/04/30 17:54:03 [DEVELOP] - node 2 sending heartbeat to peer 1 (term 1)
2026/04/30 17:54:03 [DEVELOP] - node 2 sending heartbeat to peer 0 (term 1)
2026/04/30 17:54:03 [DEVELOP] - node 1 accepted AppendEntries from leader 2 (term=1 entries=0)
2026/04/30 17:54:03 [DEVELOP] - node 0 advanced commitIndex to 0
2026/04/30 17:54:03 [DEVELOP] - node 0 accepted AppendEntries from leader 2 (term=1 entries=0)
2026/04/30 17:54:03 [DEVELOP] - node 2 sending heartbeat to peer 0 (term 1)
2026/04/30 17:54:03 [DEVELOP] - node 2 sending heartbeat to peer 1 (term 1)
2026/04/30 17:54:03 [DEVELOP] - node 0 advanced commitIndex to 0
2026/04/30 17:54:03 [DEVELOP] - node 1 accepted AppendEntries from leader 2 (term=1 entries=0)
2026/04/30 17:54:03 [DEVELOP] - node 0 accepted AppendEntries from leader 2 (term=1 entries=0)
2026/04/30 17:54:03 [DEVELOP] - node 2 sending heartbeat to peer 1 (term 1)
2026/04/30 17:54:03 [DEVELOP] - node 2 sending heartbeat to peer 0 (term 1)
2026/04/30 17:54:03 [DEVELOP] - node 0 advanced commitIndex to 0
2026/04/30 17:54:03 [DEVELOP] - node 0 accepted AppendEntries from leader 2 (term=1 entries=0)
2026/04/30 17:54:03 [DEVELOP] - node 1 accepted AppendEntries from leader 2 (term=1 entries=0)
2026/04/30 17:54:03 [DEVELOP] - node 2 sending heartbeat to peer 0 (term 1)
2026/04/30 17:54:03 [DEVELOP] - node 2 sending heartbeat to peer 1 (term 1)
2026/04/30 17:54:03 [DEVELOP] - node 1 accepted AppendEntries from leader 2 (term=1 entries=0)
2026/04/30 17:54:03 [DEVELOP] - node 0 advanced commitIndex to 0
2026/04/30 17:54:03 [DEVELOP] - node 0 accepted AppendEntries from leader 2 (term=1 entries=0)
2026/04/30 17:54:03 [DEVELOP] - node 2 sending heartbeat to peer 0 (term 1)
2026/04/30 17:54:03 [DEVELOP] - node 2 sending heartbeat to peer 1 (term 1)
2026/04/30 17:54:03 [DEVELOP] - node 0 advanced commitIndex to 0
2026/04/30 17:54:03 [DEVELOP] - node 1 accepted AppendEntries from leader 2 (term=1 entries=0)
2026/04/30 17:54:03 [DEVELOP] - node 0 accepted AppendEntries from leader 2 (term=1 entries=0)
2026/04/30 17:54:03 [DEVELOP] - node 2 sending heartbeat to peer 1 (term 1)
2026/04/30 17:54:03 [DEVELOP] - node 2 sending heartbeat to peer 0 (term 1)
2026/04/30 17:54:03 [DEVELOP] - node 0 advanced commitIndex to 0
2026/04/30 17:54:03 [DEVELOP] - node 0 accepted AppendEntries from leader 2 (term=1 entries=0)
2026/04/30 17:54:03 [DEVELOP] - node 1 accepted AppendEntries from leader 2 (term=1 entries=0)
2026/04/30 17:54:03 [DEVELOP] - node 2 sending heartbeat to peer 0 (term 1)
2026/04/30 17:54:03 [DEVELOP] - node 2 sending heartbeat to peer 1 (term 1)
2026/04/30 17:54:03 [DEVELOP] - node 0 advanced commitIndex to 0
2026/04/30 17:54:03 [DEVELOP] - node 0 accepted AppendEntries from leader 2 (term=1 entries=0)
2026/04/30 17:54:03 [DEVELOP] - node 1 accepted AppendEntries from leader 2 (term=1 entries=0)
2026/04/30 17:54:03 [DEVELOP] - node 2 sending heartbeat to peer 1 (term 1)
2026/04/30 17:54:03 [DEVELOP] - node 2 sending heartbeat to peer 0 (term 1)
2026/04/30 17:54:03 [DEVELOP] - node 1 accepted AppendEntries from leader 2 (term=1 entries=0)
2026/04/30 17:54:03 [DEVELOP] - node 0 advanced commitIndex to 0
2026/04/30 17:54:03 [DEVELOP] - node 0 accepted AppendEntries from leader 2 (term=1 entries=0)
2026/04/30 17:54:04 [DEVELOP] - node 2 sending heartbeat to peer 0 (term 1)
2026/04/30 17:54:04 [DEVELOP] - node 2 sending heartbeat to peer 1 (term 1)
2026/04/30 17:54:04 [DEVELOP] - node 0 advanced commitIndex to 0
2026/04/30 17:54:04 [DEVELOP] - node 1 accepted AppendEntries from leader 2 (term=1 entries=0)
2026/04/30 17:54:04 [DEVELOP] - node 0 accepted AppendEntries from leader 2 (term=1 entries=0)
2026/04/30 17:54:04 [DEVELOP] - node 2 sending heartbeat to peer 1 (term 1)
2026/04/30 17:54:04 [DEVELOP] - node 2 sending heartbeat to peer 0 (term 1)
2026/04/30 17:54:04 [DEVELOP] - node 0 advanced commitIndex to 0
2026/04/30 17:54:04 [DEVELOP] - node 1 accepted AppendEntries from leader 2 (term=1 entries=0)
2026/04/30 17:54:04 [DEVELOP] - node 0 accepted AppendEntries from leader 2 (term=1 entries=0)
2026/04/30 17:54:04 [DEVELOP] - node 2 sending heartbeat to peer 1 (term 1)
2026/04/30 17:54:04 [DEVELOP] - node 2 sending heartbeat to peer 0 (term 1)
2026/04/30 17:54:04 [DEVELOP] - node 1 accepted AppendEntries from leader 2 (term=1 entries=0)
2026/04/30 17:54:04 [DEVELOP] - node 0 advanced commitIndex to 0
2026/04/30 17:54:04 [DEVELOP] - node 0 accepted AppendEntries from leader 2 (term=1 entries=0)
    raft_test.go:573: laggard (node 0) did not catch up after partition healed: lastApplied=0 want>=5
--- FAIL: TestStage2_LaggardCatchesUp (3.21s)
FAIL
FAIL	kvraft/raft	5.377s
=== RUN   TestStage2_PutReturnsOK
2026/04/30 17:53:59 [DEVELOP] - node 2 starting election for term 1
2026/04/30 17:53:59 [DEVELOP] - node 2 sending RequestVote to peer 1 (term 1)
2026/04/30 17:53:59 [DEVELOP] - node 2 sending RequestVote to peer 0 (term 1)
2026/04/30 17:53:59 [DEVELOP] - node 0 received RequestVote from candidate 2 (req.Term=1, our term=0)
2026/04/30 17:53:59 [DEVELOP] - node 1 received RequestVote from candidate 2 (req.Term=1, our term=0)
2026/04/30 17:53:59 [DEVELOP] - node 0 stepping down to follower (saw higher term 1)
2026/04/30 17:53:59 [DEVELOP] - node 1 stepping down to follower (saw higher term 1)
2026/04/30 17:53:59 [DEVELOP] - node 0 granted vote to 2 (term 1)
2026/04/30 17:53:59 [DEVELOP] - node 1 granted vote to 2 (term 1)
2026/04/30 17:53:59 [DEVELOP] - node 2 got vote from peer 1 (2/2 needed)
2026/04/30 17:53:59 [DEVELOP] - node 2 became leader (term 1, nextIndex init to 1)
2026/04/30 17:53:59 [DEVELOP] - node 2 discarding stale vote reply from peer 0
2026/04/30 17:53:59 [DEVELOP] - node 2 sending heartbeat to peer 1 (term 1)
2026/04/30 17:53:59 [DEVELOP] - node 2 sending heartbeat to peer 0 (term 1)
2026/04/30 17:53:59 [DEVELOP] - node 0 accepted AppendEntries from leader 2 (term=1 entries=0)
2026/04/30 17:53:59 [DEVELOP] - node 1 accepted AppendEntries from leader 2 (term=1 entries=0)
2026/04/30 17:53:59 [DEVELOP] - node 2 appended entry at index 1 (term 1): "put:x:hello"
2026/04/30 17:53:59 [DEVELOP] - node 2 → peer 1: AppendEntries prevIdx=0 entries=1
2026/04/30 17:53:59 [DEVELOP] - node 2 → peer 0: AppendEntries prevIdx=0 entries=1
2026/04/30 17:53:59 [DEVELOP] - node 1 appended entry index=1 term=1
2026/04/30 17:53:59 [DEVELOP] - node 1 accepted AppendEntries from leader 2 (term=1 entries=1)
2026/04/30 17:53:59 [DEVELOP] - node 0 appended entry index=1 term=1
2026/04/30 17:53:59 [DEVELOP] - node 0 accepted AppendEntries from leader 2 (term=1 entries=1)
2026/04/30 17:53:59 [DEVELOP] - node 2 peer 1 caught up to index 1
2026/04/30 17:53:59 [DEVELOP] - node 2 commitIndex advanced to 1 (replicated on 2/3 nodes)
2026/04/30 17:53:59 [DEVELOP] - node 2 peer 0 caught up to index 1
2026/04/30 17:53:59 [DEVELOP] - node 2 applying entry index=1 term=1 cmd="put:x:hello"
--- PASS: TestStage2_PutReturnsOK (0.22s)
=== RUN   TestStage2_GetReturnsValue
2026/04/30 17:54:00 [DEVELOP] - node 2 starting election for term 1
2026/04/30 17:54:00 [DEVELOP] - node 2 sending RequestVote to peer 0 (term 1)
2026/04/30 17:54:00 [DEVELOP] - node 2 sending RequestVote to peer 1 (term 1)
2026/04/30 17:54:00 [DEVELOP] - node 1 received RequestVote from candidate 2 (req.Term=1, our term=0)
2026/04/30 17:54:00 [DEVELOP] - node 1 stepping down to follower (saw higher term 1)
2026/04/30 17:54:00 [DEVELOP] - node 1 granted vote to 2 (term 1)
2026/04/30 17:54:00 [DEVELOP] - node 0 received RequestVote from candidate 2 (req.Term=1, our term=0)
2026/04/30 17:54:00 [DEVELOP] - node 0 stepping down to follower (saw higher term 1)
2026/04/30 17:54:00 [DEVELOP] - node 0 granted vote to 2 (term 1)
2026/04/30 17:54:00 [DEVELOP] - node 2 got vote from peer 1 (2/2 needed)
2026/04/30 17:54:00 [DEVELOP] - node 2 became leader (term 1, nextIndex init to 1)
2026/04/30 17:54:00 [DEVELOP] - node 2 discarding stale vote reply from peer 0
2026/04/30 17:54:00 [DEVELOP] - node 2 sending heartbeat to peer 1 (term 1)
2026/04/30 17:54:00 [DEVELOP] - node 2 sending heartbeat to peer 0 (term 1)
2026/04/30 17:54:00 [DEVELOP] - node 1 accepted AppendEntries from leader 2 (term=1 entries=0)
2026/04/30 17:54:00 [DEVELOP] - node 0 accepted AppendEntries from leader 2 (term=1 entries=0)
2026/04/30 17:54:00 [DEVELOP] - node 2 appended entry at index 1 (term 1): "put:color:blue"
2026/04/30 17:54:00 [DEVELOP] - node 2 → peer 0: AppendEntries prevIdx=0 entries=1
2026/04/30 17:54:00 [DEVELOP] - node 2 → peer 1: AppendEntries prevIdx=0 entries=1
2026/04/30 17:54:00 [DEVELOP] - node 0 appended entry index=1 term=1
2026/04/30 17:54:00 [DEVELOP] - node 0 accepted AppendEntries from leader 2 (term=1 entries=1)
2026/04/30 17:54:00 [DEVELOP] - node 1 appended entry index=1 term=1
2026/04/30 17:54:00 [DEVELOP] - node 1 accepted AppendEntries from leader 2 (term=1 entries=1)
2026/04/30 17:54:00 [DEVELOP] - node 2 peer 0 caught up to index 1
2026/04/30 17:54:00 [DEVELOP] - node 2 commitIndex advanced to 1 (replicated on 2/3 nodes)
2026/04/30 17:54:00 [DEVELOP] - node 2 peer 1 caught up to index 1
2026/04/30 17:54:00 [DEVELOP] - node 2 applying entry index=1 term=1 cmd="put:color:blue"
--- PASS: TestStage2_GetReturnsValue (0.24s)
=== RUN   TestStage2_GetMissingKey
2026/04/30 17:54:00 [DEVELOP] - node 0 starting election for term 1
2026/04/30 17:54:00 [DEVELOP] - node 0 sending RequestVote to peer 2 (term 1)
2026/04/30 17:54:00 [DEVELOP] - node 0 sending RequestVote to peer 1 (term 1)
2026/04/30 17:54:00 [DEVELOP] - node 1 received RequestVote from candidate 0 (req.Term=1, our term=0)
2026/04/30 17:54:00 [DEVELOP] - node 2 received RequestVote from candidate 0 (req.Term=1, our term=0)
2026/04/30 17:54:00 [DEVELOP] - node 1 stepping down to follower (saw higher term 1)
2026/04/30 17:54:00 [DEVELOP] - node 2 stepping down to follower (saw higher term 1)
2026/04/30 17:54:00 [DEVELOP] - node 1 granted vote to 0 (term 1)
2026/04/30 17:54:00 [DEVELOP] - node 2 granted vote to 0 (term 1)
2026/04/30 17:54:00 [DEVELOP] - node 0 got vote from peer 1 (2/2 needed)
2026/04/30 17:54:00 [DEVELOP] - node 0 became leader (term 1, nextIndex init to 1)
2026/04/30 17:54:00 [DEVELOP] - node 0 discarding stale vote reply from peer 2
2026/04/30 17:54:00 [DEVELOP] - node 0 sending heartbeat to peer 2 (term 1)
2026/04/30 17:54:00 [DEVELOP] - node 0 sending heartbeat to peer 1 (term 1)
2026/04/30 17:54:00 [DEVELOP] - node 2 accepted AppendEntries from leader 0 (term=1 entries=0)
2026/04/30 17:54:00 [DEVELOP] - node 1 accepted AppendEntries from leader 0 (term=1 entries=0)
--- PASS: TestStage2_GetMissingKey (0.22s)
=== RUN   TestStage2_MultipleKeys
2026/04/30 17:54:00 [DEVELOP] - node 0 starting election for term 1
2026/04/30 17:54:00 [DEVELOP] - node 0 sending RequestVote to peer 2 (term 1)
2026/04/30 17:54:00 [DEVELOP] - node 0 sending RequestVote to peer 1 (term 1)
2026/04/30 17:54:00 [DEVELOP] - node 1 received RequestVote from candidate 0 (req.Term=1, our term=0)
2026/04/30 17:54:00 [DEVELOP] - node 2 received RequestVote from candidate 0 (req.Term=1, our term=0)
2026/04/30 17:54:00 [DEVELOP] - node 1 stepping down to follower (saw higher term 1)
2026/04/30 17:54:00 [DEVELOP] - node 2 stepping down to follower (saw higher term 1)
2026/04/30 17:54:00 [DEVELOP] - node 1 granted vote to 0 (term 1)
2026/04/30 17:54:00 [DEVELOP] - node 2 granted vote to 0 (term 1)
2026/04/30 17:54:00 [DEVELOP] - node 0 got vote from peer 1 (2/2 needed)
2026/04/30 17:54:00 [DEVELOP] - node 0 became leader (term 1, nextIndex init to 1)
2026/04/30 17:54:00 [DEVELOP] - node 0 discarding stale vote reply from peer 2
2026/04/30 17:54:00 [DEVELOP] - node 0 sending heartbeat to peer 2 (term 1)
2026/04/30 17:54:00 [DEVELOP] - node 0 sending heartbeat to peer 1 (term 1)
2026/04/30 17:54:00 [DEVELOP] - node 1 accepted AppendEntries from leader 0 (term=1 entries=0)
2026/04/30 17:54:00 [DEVELOP] - node 2 accepted AppendEntries from leader 0 (term=1 entries=0)
2026/04/30 17:54:00 [DEVELOP] - node 0 appended entry at index 1 (term 1): "put:a:apple"
2026/04/30 17:54:00 [DEVELOP] - node 0 → peer 2: AppendEntries prevIdx=0 entries=1
2026/04/30 17:54:00 [DEVELOP] - node 0 → peer 1: AppendEntries prevIdx=0 entries=1
2026/04/30 17:54:00 [DEVELOP] - node 2 appended entry index=1 term=1
2026/04/30 17:54:00 [DEVELOP] - node 2 accepted AppendEntries from leader 0 (term=1 entries=1)
2026/04/30 17:54:00 [DEVELOP] - node 1 appended entry index=1 term=1
2026/04/30 17:54:00 [DEVELOP] - node 1 accepted AppendEntries from leader 0 (term=1 entries=1)
2026/04/30 17:54:00 [DEVELOP] - node 0 peer 2 caught up to index 1
2026/04/30 17:54:00 [DEVELOP] - node 0 commitIndex advanced to 1 (replicated on 2/3 nodes)
2026/04/30 17:54:00 [DEVELOP] - node 0 peer 1 caught up to index 1
2026/04/30 17:54:00 [DEVELOP] - node 0 applying entry index=1 term=1 cmd="put:a:apple"
2026/04/30 17:54:00 [DEVELOP] - node 0 appended entry at index 2 (term 1): "put:b:banana"
2026/04/30 17:54:00 [DEVELOP] - node 0 → peer 1: AppendEntries prevIdx=1 entries=1
2026/04/30 17:54:00 [DEVELOP] - node 0 → peer 2: AppendEntries prevIdx=1 entries=1
2026/04/30 17:54:00 [DEVELOP] - node 1 appended entry index=2 term=1
2026/04/30 17:54:00 [DEVELOP] - node 1 advanced commitIndex to 1
2026/04/30 17:54:00 [DEVELOP] - node 2 appended entry index=2 term=1
2026/04/30 17:54:00 [DEVELOP] - node 1 accepted AppendEntries from leader 0 (term=1 entries=1)
2026/04/30 17:54:00 [DEVELOP] - node 2 advanced commitIndex to 1
2026/04/30 17:54:00 [DEVELOP] - node 2 accepted AppendEntries from leader 0 (term=1 entries=1)
2026/04/30 17:54:00 [DEVELOP] - node 0 peer 1 caught up to index 2
2026/04/30 17:54:00 [DEVELOP] - node 0 commitIndex advanced to 2 (replicated on 2/3 nodes)
2026/04/30 17:54:00 [DEVELOP] - node 0 peer 2 caught up to index 2
2026/04/30 17:54:00 [DEVELOP] - node 0 applying entry index=2 term=1 cmd="put:b:banana"
2026/04/30 17:54:00 [DEVELOP] - node 2 applying entry index=1 term=1 cmd="put:a:apple"
2026/04/30 17:54:00 [DEVELOP] - node 1 applying entry index=1 term=1 cmd="put:a:apple"
2026/04/30 17:54:00 [DEVELOP] - node 0 appended entry at index 3 (term 1): "put:c:cherry"
2026/04/30 17:54:00 [DEVELOP] - node 0 → peer 1: AppendEntries prevIdx=2 entries=1
2026/04/30 17:54:00 [DEVELOP] - node 0 → peer 2: AppendEntries prevIdx=2 entries=1
2026/04/30 17:54:00 [DEVELOP] - node 1 appended entry index=3 term=1
2026/04/30 17:54:00 [DEVELOP] - node 1 advanced commitIndex to 2
2026/04/30 17:54:00 [DEVELOP] - node 1 accepted AppendEntries from leader 0 (term=1 entries=1)
2026/04/30 17:54:00 [DEVELOP] - node 2 appended entry index=3 term=1
2026/04/30 17:54:00 [DEVELOP] - node 2 advanced commitIndex to 2
2026/04/30 17:54:00 [DEVELOP] - node 2 accepted AppendEntries from leader 0 (term=1 entries=1)
2026/04/30 17:54:00 [DEVELOP] - node 0 peer 1 caught up to index 3
2026/04/30 17:54:00 [DEVELOP] - node 0 commitIndex advanced to 3 (replicated on 2/3 nodes)
2026/04/30 17:54:00 [DEVELOP] - node 0 peer 2 caught up to index 3
2026/04/30 17:54:00 [DEVELOP] - node 0 applying entry index=3 term=1 cmd="put:c:cherry"
2026/04/30 17:54:00 [DEVELOP] - node 1 applying entry index=2 term=1 cmd="put:b:banana"
2026/04/30 17:54:00 [DEVELOP] - node 2 applying entry index=2 term=1 cmd="put:b:banana"
--- PASS: TestStage2_MultipleKeys (0.22s)
=== RUN   TestStage2_PutReplicatesToFollowers
2026/04/30 17:54:00 [DEVELOP] - node 0 starting election for term 1
2026/04/30 17:54:00 [DEVELOP] - node 0 sending RequestVote to peer 1 (term 1)
2026/04/30 17:54:00 [DEVELOP] - node 0 sending RequestVote to peer 2 (term 1)
2026/04/30 17:54:00 [DEVELOP] - node 1 received RequestVote from candidate 0 (req.Term=1, our term=0)
2026/04/30 17:54:00 [DEVELOP] - node 1 stepping down to follower (saw higher term 1)
2026/04/30 17:54:00 [DEVELOP] - node 1 granted vote to 0 (term 1)
2026/04/30 17:54:00 [DEVELOP] - node 2 received RequestVote from candidate 0 (req.Term=1, our term=0)
2026/04/30 17:54:00 [DEVELOP] - node 2 stepping down to follower (saw higher term 1)
2026/04/30 17:54:00 [DEVELOP] - node 2 granted vote to 0 (term 1)
2026/04/30 17:54:00 [DEVELOP] - node 0 got vote from peer 1 (2/2 needed)
2026/04/30 17:54:00 [DEVELOP] - node 0 became leader (term 1, nextIndex init to 1)
2026/04/30 17:54:00 [DEVELOP] - node 0 discarding stale vote reply from peer 2
2026/04/30 17:54:00 [DEVELOP] - node 0 sending heartbeat to peer 2 (term 1)
2026/04/30 17:54:00 [DEVELOP] - node 0 sending heartbeat to peer 1 (term 1)
2026/04/30 17:54:00 [DEVELOP] - node 2 accepted AppendEntries from leader 0 (term=1 entries=0)
2026/04/30 17:54:00 [DEVELOP] - node 1 accepted AppendEntries from leader 0 (term=1 entries=0)
2026/04/30 17:54:00 [DEVELOP] - node 0 appended entry at index 1 (term 1): "put:msg:raft"
2026/04/30 17:54:00 [DEVELOP] - node 0 → peer 1: AppendEntries prevIdx=0 entries=1
2026/04/30 17:54:00 [DEVELOP] - node 0 → peer 2: AppendEntries prevIdx=0 entries=1
2026/04/30 17:54:00 [DEVELOP] - node 1 appended entry index=1 term=1
2026/04/30 17:54:00 [DEVELOP] - node 1 accepted AppendEntries from leader 0 (term=1 entries=1)
2026/04/30 17:54:00 [DEVELOP] - node 2 appended entry index=1 term=1
2026/04/30 17:54:00 [DEVELOP] - node 2 accepted AppendEntries from leader 0 (term=1 entries=1)
2026/04/30 17:54:00 [DEVELOP] - node 0 peer 1 caught up to index 1
2026/04/30 17:54:00 [DEVELOP] - node 0 commitIndex advanced to 1 (replicated on 2/3 nodes)
2026/04/30 17:54:00 [DEVELOP] - node 0 peer 2 caught up to index 1
2026/04/30 17:54:00 [DEVELOP] - node 0 applying entry index=1 term=1 cmd="put:msg:raft"
2026/04/30 17:54:00 [DEVELOP] - node 0 sending heartbeat to peer 1 (term 1)
2026/04/30 17:54:00 [DEVELOP] - node 0 sending heartbeat to peer 2 (term 1)
2026/04/30 17:54:00 [DEVELOP] - node 2 advanced commitIndex to 1
2026/04/30 17:54:00 [DEVELOP] - node 2 accepted AppendEntries from leader 0 (term=1 entries=0)
2026/04/30 17:54:00 [DEVELOP] - node 1 advanced commitIndex to 1
2026/04/30 17:54:00 [DEVELOP] - node 1 accepted AppendEntries from leader 0 (term=1 entries=0)
2026/04/30 17:54:00 [DEVELOP] - node 2 applying entry index=1 term=1 cmd="put:msg:raft"
2026/04/30 17:54:00 [DEVELOP] - node 1 applying entry index=1 term=1 cmd="put:msg:raft"
--- PASS: TestStage2_PutReplicatesToFollowers (0.35s)
PASS
ok  	kvraft/server	2.998s
FAIL
